\BOOKMARK [1][-]{section.1}{Introduction to FPP/PTC}{}% 1
\BOOKMARK [2][-]{subsection.1.1}{FPP and PTC}{section.1}% 2
\BOOKMARK [2][-]{subsection.1.2}{Where to Obtain FPP/PTC}{section.1}% 3
\BOOKMARK [2][-]{subsection.1.3}{Concepts}{section.1}% 4
\BOOKMARK [2][-]{subsection.1.4}{Real\1378 Under the Hood}{section.1}% 5
\BOOKMARK [2][-]{subsection.1.5}{Fundamental polymorphic types used in any code}{section.1}% 6
\BOOKMARK [3][-]{subsubsection.1.5.1}{Type `\137=11 `\045=11 taylor}{subsection.1.5}% 7
\BOOKMARK [3][-]{subsubsection.1.5.2}{Type `\137=11 `\045=11 complextaylor}{subsection.1.5}% 8
\BOOKMARK [3][-]{subsubsection.1.5.3}{Type `\137=11 `\045=11 real\1378}{subsection.1.5}% 9
\BOOKMARK [3][-]{subsubsection.1.5.4}{Type `\137=11 `\045=11 complex\1378}{subsection.1.5}% 10
\BOOKMARK [2][-]{subsection.1.6}{Type `\137=11 `\045=11 probe\1378 specific to PTC}{section.1}% 11
\BOOKMARK [3][-]{subsubsection.1.6.1}{The x\(6\) component of `\137=11 `\045=11 probe\1378 }{subsection.1.6}% 12
\BOOKMARK [3][-]{subsubsection.1.6.2}{The spin and quaternion components of `\137=11 `\045=11 probe\1378 }{subsection.1.6}% 13
\BOOKMARK [3][-]{subsubsection.1.6.3}{The components of type `\137=11 `\045=11 rf\137phasor\1378\1378 }{subsection.1.6}% 14
\BOOKMARK [3][-]{subsubsection.1.6.4}{The real components `\137=11 `\045=11 E\137i\137j\(6,6\) }{subsection.1.6}% 15
\BOOKMARK [3][-]{subsubsection.1.6.5}{Real\(dp\) type `\137=11 `\045=11 probe specific to PTC}{subsection.1.6}% 16
\BOOKMARK [2][-]{subsection.1.7}{The type `\137=11 `\045=11 c\137taylor and the Taylor maps `\137=11 `\045=11 c\137damap for analysis}{section.1}% 17
\BOOKMARK [3][-]{subsubsection.1.7.1}{The type `\137=11 `\045=11 c\137taylor and the complex Berz's package }{subsection.1.7}% 18
\BOOKMARK [3][-]{subsubsection.1.7.2}{The type `\137=11 `\045=11 c\137damap }{subsection.1.7}% 19
\BOOKMARK [3][-]{subsubsection.1.7.3}{Interaction between the worlds of probes and Taylor maps }{subsection.1.7}% 20
\BOOKMARK [1][-]{section.2}{Operations on Taylor structures}{}% 21
\BOOKMARK [2][-]{subsection.2.1}{Obsolete Types}{section.2}% 22
\BOOKMARK [1][-]{section.3}{overloading}{}% 23
\BOOKMARK [1][-]{section.4}{subpackage}{}% 24
